Arguments: 
  C:\Program Files\nodejs\node.exe C:\Users\SKY\AppData\Roaming\npm\node_modules\yarn\bin\yarn.js install

PATH: 
  C:\Python39\Scripts\;C:\Python39\;C:\WINDOWS\system32;C:\WINDOWS;C:\WINDOWS\System32\Wbem;C:\WINDOWS\System32\WindowsPowerShell\v1.0\;C:\WINDOWS\System32\OpenSSH\;C:\ProgramData\chocolatey\bin;C:\Program Files\Git\cmd;C:\Program Files\Microsoft VS Code\bin;C:\xampp\php;C:\ProgramData\ComposerSetup\bin;C:\Users\SKY\AppData\Roaming\Composer\vendor\bin;C:\Users\SKY\AppData\Roaming\Python\Python39\Scripts;C:\Users\SKY\AppData\Roaming\nvm;C:\Program Files\nodejs;C:\Users\SKY\AppData\Local\Microsoft\WindowsApps;C:\Program Files\Bandizip\;C:\Users\SKY\AppData\Roaming\npm;C:\Users\SKY\AppData\Local\GitHubDesktop\bin;C:\Users\SKY\AppData\Roaming\Composer\vendor\bin;C:\Users\SKY\AppData\Roaming\Python\Python39\Scripts;C:\Program Files\heroku\bin;"C:\Python39\Scripts\;C:\Python39\;C:\WINDOWS\system32;C:\WINDOWS;C:\WINDOWS\System32\Wbem;C:\WINDOWS\System32\WindowsPowerShell\v1.0\;C:\WINDOWS\System32\OpenSSH\;C:\ProgramData\chocolatey\bin;C:\Program Files\Git\cmd;C:\Program Files\Microsoft VS Code\bin;C:\xampp\php;C:\ProgramData\ComposerSetup\bin;C:\Users\SKY\AppData\Roaming\Composer\vendor\bin;C:\Users\SKY\AppData\Roaming\Python\Python39\Scripts;C:\Users\SKY\AppData\Roaming\nvm;C:\Program Files\nodejs;C:\Program Files\Heroku\bin";C:\Users\SKY\AppData\Roaming\nvm;C:\Program Files\nodejs

Yarn version: 
  1.22.10

Node version: 
  14.16.0

Platform: 
  win32 x64

Trace: 
  Error: https://registry.yarnpkg.com/@fortawesome/free-solid-svg-icons/-/free-solid-svg-icons-5.15.3.tgz: ESOCKETTIMEDOUT
      at ClientRequest.<anonymous> (C:\Users\SKY\AppData\Roaming\npm\node_modules\yarn\lib\cli.js:141289:19)
      at Object.onceWrapper (events.js:421:28)
      at ClientRequest.emit (events.js:315:20)
      at TLSSocket.emitRequestTimeout (_http_client.js:784:9)
      at Object.onceWrapper (events.js:421:28)
      at TLSSocket.emit (events.js:327:22)
      at TLSSocket.Socket._onTimeout (net.js:483:8)
      at listOnTimeout (internal/timers.js:554:17)
      at processTimers (internal/timers.js:497:7)

npm manifest: 
  {
    "name": "vuex-boilerplate",
    "version": "0.1.0",
    "private": true,
    "scripts": {
      "build": "vue-cli-service build",
      "lint": "vue-cli-service lint",
      "dev": "vue-cli-service serve & node_modules/.bin/nodemon ./server/app.js",
      "docs:dev": "vuepress dev",
      "docs:build": "vuepress build"
    },
    "dependencies": {
      "@fortawesome/fontawesome-svg-core": "^1.2.4",
      "@fortawesome/free-solid-svg-icons": "^5.3.1",
      "@fortawesome/vue-fontawesome": "^0.1.1",
      "axios": "^0.18.0",
      "body-parser": "^1.18.3",
      "bootstrap": "^4.1.3",
      "cors": "^2.8.4",
      "element-ui": "^2.4.5",
      "express": "^4.16.3",
      "formidable": "^1.2.1",
      "mongoose": "^5.2.17",
      "normalize.css": "^8.0.0",
      "uuid": "^3.3.2",
      "vue": "^2.5.17",
      "vue-multilanguage": "^4.0.7",
      "vue-router": "^3.0.1",
      "vuex": "^3.0.1"
    },
    "devDependencies": {
      "@vue/cli-plugin-babel": "^3.0.3",
      "@vue/cli-plugin-eslint": "^3.0.3",
      "@vue/cli-service": "^3.0.3",
      "@vue/eslint-config-standard": "^3.0.3",
      "browser-sync": "^2.24.7",
      "node-sass": "^4.9.2",
      "nodemon": "^1.18.4",
      "sass-loader": "^7.0.3",
      "style-resources-loader": "^1.2.1",
      "vue-cli-plugin-element": "^1.0.0",
      "vue-cli-plugin-pug": "^1.0.7",
      "vue-cli-plugin-sass-resources-loader": "^1.0.0",
      "vue-cli-plugin-style-resources-loader": "^0.1.3",
      "vue-template-compiler": "^2.5.17",
      "vuepress": "^0.14.4"
    }
  }

yarn manifest: 
  No manifest

Lockfile: 
  No lockfile
